TN:
SF:/home/joseph/Projects/rawk/src/ast.rs
FN:11,Program::new
FN:20,<impl Default for Program>::default
FN:76,Block::new
FN:80,Block::empty
FN:318,Expr::location
FNF:5
FNDA:20,Program::new
FNDA:0,<impl Default for Program>::default
FNDA:3,Block::new
FNDA:0,Block::empty
FNDA:2,Expr::location
DA:11,20
DA:13,35
DA:14,24
DA:20,0
DA:21,0
DA:76,3
DA:80,0
DA:82,0
DA:318,2
DA:319,9
DA:320,0
LF:11
LH:6
end_of_record
TN:
SF:/home/joseph/Projects/rawk/src/error.rs
FN:12,SourceLocation::new
FN:18,<impl Display for SourceLocation>::fmt
FN:55,Error::lexer
FN:62,Error::parser
FN:69,Error::runtime
FN:75,Error::runtime_at
FNF:6
FNDA:7,SourceLocation::new
FNDA:1,<impl Display for SourceLocation>::fmt
FNDA:2,Error::lexer
FNDA:1,Error::parser
FNDA:3,Error::runtime
FNDA:2,Error::runtime_at
DA:11,0
DA:12,7
DA:17,0
DA:18,1
DA:19,4
DA:54,0
DA:55,2
DA:57,2
DA:58,2
DA:62,1
DA:64,1
DA:65,1
DA:69,3
DA:71,3
DA:75,2
DA:77,2
DA:78,1
LF:17
LH:14
end_of_record
TN:
SF:/home/joseph/Projects/rawk/src/interpreter/builtins.rs
FN:11,Interpreter<'a>::call_function
FN:62,Interpreter<'a>::extract_pattern
FN:70,Interpreter<'a>::call_regex_sub
FN:108,Interpreter<'a>::call_match
FN:136,Interpreter<'a>::call_split
FN:196,Interpreter<'a>::call_asort
FN:253,Interpreter<'a>::call_patsplit
FN:325,Interpreter<'a>::call_getline
FN:335,Interpreter<'a>::call_close
FN:356,Interpreter<'a>::call_fflush
FN:378,Interpreter<'a>::call_builtin
FN:599,Interpreter<'a>::call_user_function
FN:675,Interpreter<'a>::next_random
FN:685,regex_sub_helper
FN:705,simple_mktime
FN:709,simple_mktime::is_leap_year
FN:713,simple_mktime::days_in_year
FN:747,format_strftime
FN:797,breakdown_time
FN:800,breakdown_time::is_leap_year
FNF:20
FNDA:15,Interpreter<'a>::call_function
FNDA:5,Interpreter<'a>::extract_pattern
FNDA:6,Interpreter<'a>::call_regex_sub
FNDA:3,Interpreter<'a>::call_match
FNDA:2,Interpreter<'a>::call_split
FNDA:2,Interpreter<'a>::call_asort
FNDA:1,Interpreter<'a>::call_patsplit
FNDA:0,Interpreter<'a>::call_getline
FNDA:1,Interpreter<'a>::call_close
FNDA:1,Interpreter<'a>::call_fflush
FNDA:9,Interpreter<'a>::call_builtin
FNDA:3,Interpreter<'a>::call_user_function
FNDA:1,Interpreter<'a>::next_random
FNDA:6,regex_sub_helper
FNDA:2,simple_mktime
FNDA:1,simple_mktime::is_leap_year
FNDA:1,simple_mktime::days_in_year
FNDA:1,format_strftime
FNDA:1,breakdown_time
FNDA:1,breakdown_time::is_leap_year
DA:11,15
DA:19,16
DA:20,15
DA:21,19
DA:22,16
DA:23,15
DA:24,27
DA:25,13
DA:26,15
DA:27,13
DA:28,0
DA:32,38
DA:33,5
DA:36,9
DA:37,5
DA:41,12
DA:43,17
DA:44,6
DA:45,1
DA:46,1
DA:49,5
DA:50,18
DA:51,3
DA:54,0
DA:55,0
DA:56,0
DA:57,0
DA:62,5
DA:63,5
DA:64,1
DA:65,5
DA:70,6
DA:71,6
DA:73,12
DA:74,17
DA:78,12
DA:79,18
DA:81,14
DA:85,19
DA:86,8
DA:88,5
DA:91,11
DA:92,0
DA:95,12
DA:98,6
DA:99,8
DA:101,4
DA:104,6
DA:108,3
DA:109,6
DA:110,9
DA:112,8
DA:115,8
DA:116,8
DA:120,6
DA:121,0
DA:124,7
DA:125,8
DA:126,8
DA:127,4
DA:129,1
DA:130,1
DA:131,1
DA:136,2
DA:137,4
DA:138,6
DA:140,6
DA:144,4
DA:145,4
DA:146,0
DA:147,0
DA:148,0
DA:149,0
DA:150,0
DA:151,0
DA:154,0
DA:155,0
DA:156,0
DA:157,0
DA:158,0
DA:164,4
DA:165,4
DA:167,2
DA:171,4
DA:174,2
DA:175,2
DA:176,4
DA:177,4
DA:180,0
DA:181,0
DA:183,0
DA:186,4
DA:187,4
DA:188,4
DA:191,2
DA:196,2
DA:198,2
DA:199,2
DA:200,0
DA:201,0
DA:202,0
DA:203,0
DA:204,0
DA:205,0
DA:211,4
DA:212,2
DA:213,1
DA:214,0
DA:215,0
DA:216,0
DA:217,0
DA:218,0
DA:219,0
DA:225,3
DA:226,2
DA:227,2
DA:229,4
DA:232,0
DA:235,1
DA:236,3
DA:238,2
DA:241,4
DA:242,2
DA:244,2
DA:245,4
DA:246,4
DA:249,2
DA:253,1
DA:255,2
DA:256,3
DA:258,3
DA:262,2
DA:263,1
DA:264,0
DA:265,0
DA:266,0
DA:267,0
DA:268,0
DA:274,2
DA:275,2
DA:277,0
DA:278,0
DA:279,0
DA:280,0
DA:285,2
DA:286,0
DA:287,1
DA:288,0
DA:292,2
DA:293,1
DA:294,0
DA:298,2
DA:299,1
DA:302,2
DA:303,2
DA:304,2
DA:308,1
DA:309,0
DA:310,0
DA:311,0
DA:312,0
DA:313,0
DA:314,0
DA:317,0
DA:318,0
DA:321,2
DA:325,0
DA:329,0
DA:330,0
DA:331,0
DA:335,1
DA:336,2
DA:337,3
DA:339,3
DA:343,2
DA:344,0
DA:345,1
DA:346,0
DA:347,1
DA:348,0
DA:350,0
DA:351,1
DA:356,1
DA:357,2
DA:359,1
DA:360,2
DA:361,0
DA:363,1
DA:365,0
DA:366,0
DA:367,0
DA:368,0
DA:369,0
DA:370,0
DA:371,0
DA:373,0
DA:378,9
DA:379,10
DA:381,9
DA:382,13
DA:384,6
DA:387,9
DA:388,17
DA:389,19
DA:390,9
DA:393,7
DA:394,3
DA:395,10
DA:397,6
DA:399,14
DA:402,7
DA:403,10
DA:404,12
DA:406,12
DA:408,3
DA:409,6
DA:410,3
DA:413,10
DA:414,6
DA:415,4
DA:416,4
DA:417,2
DA:420,6
DA:421,9
DA:422,6
DA:425,6
DA:426,9
DA:427,6
DA:431,4
DA:432,6
DA:433,2
DA:436,5
DA:437,3
DA:438,1
DA:441,4
DA:442,3
DA:443,3
DA:444,1
DA:447,5
DA:448,6
DA:449,2
DA:452,3
DA:453,3
DA:454,1
DA:457,4
DA:458,9
DA:459,3
DA:462,6
DA:463,10
DA:464,4
DA:467,6
DA:469,1
DA:470,1
DA:473,6
DA:474,1
DA:475,3
DA:476,1
DA:479,0
DA:480,0
DA:481,0
DA:482,0
DA:484,1
DA:485,1
DA:489,8
DA:490,3
DA:491,2
DA:493,1
DA:495,3
DA:496,2
DA:497,1
DA:503,7
DA:506,1
DA:507,1
DA:508,3
DA:510,1
DA:513,10
DA:515,6
DA:516,4
DA:517,6
DA:520,5
DA:523,4
DA:524,2
DA:525,2
DA:526,2
DA:527,2
DA:528,2
DA:531,2
DA:532,1
DA:534,0
DA:538,7
DA:540,3
DA:542,2
DA:543,3
DA:544,1
DA:545,0
DA:546,0
DA:547,0
DA:548,0
DA:551,1
DA:552,1
DA:556,9
DA:557,6
DA:558,8
DA:559,8
DA:560,9
DA:562,3
DA:565,2
DA:566,3
DA:567,4
DA:569,1
DA:570,1
DA:571,1
DA:572,3
DA:573,2
DA:574,1
DA:575,1
DA:576,1
DA:577,1
DA:578,0
DA:581,1
DA:582,2
DA:583,0
DA:585,1
DA:589,0
DA:592,6
DA:595,5
DA:599,3
DA:607,12
DA:608,26
DA:612,9
DA:613,0
DA:614,20
DA:619,4
DA:620,15
DA:621,12
DA:624,1
DA:625,1
DA:629,3
DA:632,11
DA:634,11
DA:635,0
DA:637,6
DA:638,12
DA:642,3
DA:643,3
DA:644,1
DA:648,3
DA:651,5
DA:652,8
DA:653,6
DA:655,8
DA:660,4
DA:661,11
DA:662,0
DA:663,33
DA:664,20
DA:665,8
DA:667,7
DA:671,4
DA:675,1
DA:676,1
DA:677,1
DA:678,1
DA:679,1
DA:680,1
DA:681,1
DA:685,6
DA:687,6
DA:689,5
DA:690,10
DA:691,5
DA:692,15
DA:694,10
DA:696,6
DA:697,4
DA:698,9
DA:700,6
DA:705,2
DA:709,1
DA:710,2
DA:713,1
DA:714,1
DA:718,2
DA:721,3
DA:722,2
DA:724,1
DA:725,0
DA:729,2
DA:730,0
DA:731,0
DA:732,0
DA:733,0
DA:734,0
DA:740,1
DA:743,2
DA:747,1
DA:749,1
DA:752,1
DA:754,1
DA:755,1
DA:756,1
DA:757,1
DA:759,1
DA:760,2
DA:762,1
DA:763,1
DA:764,2
DA:765,2
DA:766,0
DA:767,2
DA:768,2
DA:769,0
DA:770,2
DA:771,2
DA:772,2
DA:773,0
DA:774,0
DA:775,0
DA:776,0
DA:777,0
DA:778,0
DA:779,0
DA:780,0
DA:781,0
DA:782,0
DA:783,0
DA:784,0
DA:785,0
DA:786,0
DA:789,2
DA:793,1
DA:797,1
DA:800,1
DA:801,2
DA:804,1
DA:805,2
DA:806,2
DA:807,2
DA:810,2
DA:813,1
DA:814,1
DA:815,1
DA:816,1
DA:817,0
DA:818,0
DA:819,1
DA:820,0
DA:821,0
DA:822,0
DA:828,2
DA:831,1
DA:832,2
DA:833,2
DA:834,1
DA:835,0
DA:837,1
DA:838,2
DA:841,0
DA:843,2
DA:845,1
LF:460
LH:345
end_of_record
TN:
SF:/home/joseph/Projects/rawk/src/interpreter/expr.rs
FN:11,Interpreter<'a>::eval_expr
FN:18,Interpreter<'a>::eval_expr_with_output
FN:135,Interpreter<'a>::eval_binary_op_with_output
FN:202,Interpreter<'a>::eval_unary_op_with_output
FN:216,Interpreter<'a>::eval_assignment_with_output
FN:245,Interpreter<'a>::eval_getline
FN:343,Interpreter<'a>::assign_to_lvalue
FNF:7
FNDA:13,Interpreter<'a>::eval_expr
FNDA:36,Interpreter<'a>::eval_expr_with_output
FNDA:14,Interpreter<'a>::eval_binary_op_with_output
FNDA:5,Interpreter<'a>::eval_unary_op_with_output
FNDA:33,Interpreter<'a>::eval_assignment_with_output
FNDA:3,Interpreter<'a>::eval_getline
FNDA:24,Interpreter<'a>::assign_to_lvalue
DA:11,13
DA:13,12
DA:14,13
DA:18,36
DA:19,51
DA:20,15
DA:22,15
DA:24,4
DA:26,4
DA:27,8
DA:28,4
DA:31,7
DA:33,5
DA:34,11
DA:35,6
DA:38,6
DA:39,6
DA:40,18
DA:42,6
DA:43,6
DA:46,12
DA:47,26
DA:50,5
DA:51,10
DA:54,23
DA:55,59
DA:58,3
DA:59,6
DA:60,3
DA:61,6
DA:62,3
DA:65,1
DA:66,2
DA:67,1
DA:68,2
DA:69,1
DA:72,4
DA:73,8
DA:74,4
DA:75,4
DA:76,5
DA:79,1
DA:80,2
DA:81,1
DA:82,1
DA:83,1
DA:86,3
DA:87,6
DA:88,6
DA:89,6
DA:91,6
DA:95,7
DA:96,8
DA:99,2
DA:100,2
DA:101,6
DA:103,2
DA:104,2
DA:107,2
DA:108,4
DA:109,2
DA:110,4
DA:111,0
DA:113,4
DA:114,2
DA:115,2
DA:116,2
DA:119,0
DA:120,0
DA:121,0
DA:122,0
DA:124,0
DA:127,3
DA:128,3
DA:131,8
DA:135,14
DA:143,14
DA:144,0
DA:145,2
DA:146,4
DA:147,2
DA:149,4
DA:150,4
DA:152,0
DA:153,3
DA:154,6
DA:155,3
DA:157,6
DA:158,6
DA:160,0
DA:163,13
DA:164,22
DA:166,11
DA:167,6
DA:168,10
DA:169,9
DA:170,0
DA:171,4
DA:172,4
DA:173,0
DA:175,4
DA:178,0
DA:179,5
DA:180,6
DA:181,0
DA:183,4
DA:186,4
DA:187,8
DA:188,14
DA:189,10
DA:190,2
DA:191,11
DA:192,2
DA:193,0
DA:194,4
DA:195,4
DA:196,2
DA:202,5
DA:208,5
DA:209,5
DA:210,10
DA:211,4
DA:212,8
DA:216,33
DA:223,26
DA:224,33
DA:225,0
DA:226,3
DA:227,7
DA:228,3
DA:229,7
DA:230,6
DA:231,6
DA:232,0
DA:233,0
DA:234,0
DA:240,37
DA:241,12
DA:245,3
DA:253,3
DA:254,0
DA:257,1
DA:259,0
DA:260,0
DA:263,0
DA:264,0
DA:265,0
DA:266,0
DA:268,0
DA:272,0
DA:273,0
DA:274,0
DA:275,0
DA:276,0
DA:278,0
DA:279,0
DA:280,0
DA:281,0
DA:285,0
DA:286,0
DA:288,0
DA:290,0
DA:292,0
DA:295,2
DA:296,4
DA:299,3
DA:300,6
DA:301,3
DA:302,3
DA:303,3
DA:304,3
DA:306,3
DA:307,6
DA:308,9
DA:309,3
DA:310,3
DA:313,0
DA:317,6
DA:318,3
DA:319,9
DA:320,1
DA:321,0
DA:323,6
DA:324,3
DA:325,3
DA:326,0
DA:330,5
DA:331,4
DA:333,2
DA:335,1
DA:337,0
DA:343,24
DA:344,16
DA:345,15
DA:346,27
DA:348,3
DA:349,6
DA:350,3
DA:352,9
DA:353,40
DA:354,9
DA:355,4
DA:357,0
DA:361,7
LF:204
LH:159
end_of_record
TN:
SF:/home/joseph/Projects/rawk/src/interpreter/mod.rs
FN:30,<impl Write for OutputFile>::write
FN:37,<impl Write for OutputFile>::flush
FN:138,Interpreter<'a>::new
FN:197,Interpreter<'a>::set_args
FN:203,Interpreter<'a>::set_fs
FN:211,Interpreter<'a>::set_posix_mode
FN:219,Interpreter<'a>::set_traditional_mode
FN:227,Interpreter<'a>::set_variable
FN:232,Interpreter<'a>::set_filename
FN:237,Interpreter<'a>::run
FN:297,Interpreter<'a>::process_input
FN:341,Interpreter<'a>::process_input_paragraph_mode
FN:412,Interpreter<'a>::process_current_record
FN:443,Interpreter<'a>::set_record
FN:448,Interpreter<'a>::split_fields
FN:510,Interpreter<'a>::split_fields_fpat
FN:529,Interpreter<'a>::split_fields_widths
FN:552,Interpreter<'a>::get_field
FN:565,Interpreter<'a>::get_field_ref
FN:575,Interpreter<'a>::set_field
FN:591,Interpreter<'a>::pattern_matches
FN:636,Interpreter<'a>::get_regex
FN:644,Interpreter<'a>::get_variable
FN:669,Interpreter<'a>::get_special_array
FN:708,Interpreter<'a>::set_variable_value
FN:753,Interpreter<'a>::resolve_array_name
FN:757,Interpreter<'a>::get_array_element
FN:772,Interpreter<'a>::set_array_element
FN:780,Interpreter<'a>::array_key_exists
FN:800,Interpreter<'a>::delete_array_element
FN:807,Interpreter<'a>::make_array_key
FNF:31
FNDA:1,<impl Write for OutputFile>::write
FNDA:0,<impl Write for OutputFile>::flush
FNDA:13,Interpreter<'a>::new
FNDA:0,Interpreter<'a>::set_args
FNDA:1,Interpreter<'a>::set_fs
FNDA:0,Interpreter<'a>::set_posix_mode
FNDA:0,Interpreter<'a>::set_traditional_mode
FNDA:0,Interpreter<'a>::set_variable
FNDA:0,Interpreter<'a>::set_filename
FNDA:57,Interpreter<'a>::run
FNDA:8,Interpreter<'a>::process_input
FNDA:4,Interpreter<'a>::process_input_paragraph_mode
FNDA:15,Interpreter<'a>::process_current_record
FNDA:9,Interpreter<'a>::set_record
FNDA:9,Interpreter<'a>::split_fields
FNDA:3,Interpreter<'a>::split_fields_fpat
FNDA:3,Interpreter<'a>::split_fields_widths
FNDA:6,Interpreter<'a>::get_field
FNDA:0,Interpreter<'a>::get_field_ref
FNDA:3,Interpreter<'a>::set_field
FNDA:14,Interpreter<'a>::pattern_matches
FNDA:8,Interpreter<'a>::get_regex
FNDA:5,Interpreter<'a>::get_variable
FNDA:3,Interpreter<'a>::get_special_array
FNDA:12,Interpreter<'a>::set_variable_value
FNDA:5,Interpreter<'a>::resolve_array_name
FNDA:3,Interpreter<'a>::get_array_element
FNDA:4,Interpreter<'a>::set_array_element
FNDA:3,Interpreter<'a>::array_key_exists
FNDA:2,Interpreter<'a>::delete_array_element
FNDA:9,Interpreter<'a>::make_array_key
DA:30,1
DA:31,1
DA:32,1
DA:33,1
DA:37,0
DA:38,0
DA:39,0
DA:40,0
DA:138,13
DA:139,12
DA:140,54
DA:141,6
DA:145,29
DA:149,120
DA:150,39
DA:151,115
DA:156,37
DA:157,43
DA:159,37
DA:160,43
DA:161,37
DA:162,43
DA:163,37
DA:164,54
DA:165,37
DA:166,55
DA:167,37
DA:170,55
DA:171,37
DA:175,55
DA:177,0
DA:182,37
DA:183,57
DA:184,37
DA:185,57
DA:186,37
DA:190,57
DA:192,37
DA:197,0
DA:198,0
DA:199,0
DA:203,1
DA:204,2
DA:206,1
DA:207,1
DA:211,0
DA:212,0
DA:213,0
DA:214,0
DA:219,0
DA:220,0
DA:221,0
DA:222,0
DA:227,0
DA:228,0
DA:232,0
DA:233,0
DA:237,57
DA:239,94
DA:240,93
DA:241,31
DA:242,62
DA:244,10
DA:245,0
DA:251,22
DA:252,9
DA:255,19
DA:256,19
DA:257,1
DA:258,2
DA:260,1
DA:261,0
DA:266,6
DA:269,3
DA:270,8
DA:271,1
DA:272,2
DA:274,1
DA:275,0
DA:280,4
DA:281,1
DA:286,4
DA:287,11
DA:288,3
DA:289,3
DA:294,8
DA:297,8
DA:299,17
DA:300,8
DA:303,17
DA:305,0
DA:306,9
DA:307,8
DA:308,9
DA:313,7
DA:314,8
DA:315,5
DA:316,0
DA:320,9
DA:321,19
DA:322,21
DA:324,16
DA:326,5
DA:327,0
DA:328,0
DA:331,4
DA:332,0
DA:336,4
DA:341,4
DA:342,4
DA:343,4
DA:344,4
DA:346,0
DA:347,4
DA:348,4
DA:351,4
DA:353,4
DA:355,8
DA:357,12
DA:358,0
DA:360,4
DA:361,8
DA:362,8
DA:363,4
DA:365,0
DA:368,8
DA:370,6
DA:372,8
DA:373,0
DA:375,4
DA:376,8
DA:377,8
DA:378,4
DA:380,4
DA:381,4
DA:383,4
DA:384,0
DA:389,4
DA:390,3
DA:393,8
DA:394,4
DA:395,4
DA:396,0
DA:399,8
DA:400,4
DA:404,4
DA:405,0
DA:408,4
DA:412,15
DA:413,31
DA:415,24
DA:416,0
DA:417,0
DA:418,0
DA:421,9
DA:422,9
DA:423,8
DA:424,9
DA:427,0
DA:431,5
DA:432,3
DA:433,0
DA:436,11
DA:437,0
DA:440,4
DA:443,9
DA:444,21
DA:445,12
DA:448,9
DA:449,12
DA:451,9
DA:452,1
DA:453,0
DA:457,21
DA:458,12
DA:461,21
DA:462,3
DA:463,0
DA:467,22
DA:468,3
DA:469,0
DA:473,15
DA:476,16
DA:477,4
DA:479,10
DA:480,5
DA:481,5
DA:483,8
DA:484,9
DA:485,5
DA:486,4
DA:490,4
DA:493,0
DA:494,0
DA:495,0
DA:496,0
DA:497,0
DA:498,0
DA:499,0
DA:502,0
DA:506,15
DA:510,3
DA:511,3
DA:512,3
DA:514,6
DA:515,0
DA:516,0
DA:518,9
DA:519,9
DA:520,6
DA:522,3
DA:525,6
DA:529,3
DA:530,6
DA:532,9
DA:535,3
DA:536,6
DA:538,12
DA:539,6
DA:540,0
DA:542,3
DA:543,3
DA:544,3
DA:545,3
DA:548,3
DA:552,6
DA:553,6
DA:554,4
DA:555,5
DA:556,5
DA:558,1
DA:565,0
DA:566,0
DA:567,0
DA:568,0
DA:569,0
DA:571,0
DA:575,3
DA:576,6
DA:577,0
DA:578,0
DA:581,6
DA:582,2
DA:584,6
DA:585,3
DA:587,3
DA:591,14
DA:592,15
DA:593,8
DA:594,0
DA:595,0
DA:596,4
DA:597,4
DA:598,8
DA:600,5
DA:601,7
DA:602,14
DA:603,7
DA:605,3
DA:606,3
DA:607,9
DA:609,6
DA:610,3
DA:611,3
DA:613,3
DA:616,3
DA:617,3
DA:619,3
DA:622,0
DA:623,0
DA:624,0
DA:626,0
DA:627,0
DA:628,0
DA:630,0
DA:631,0
DA:636,8
DA:637,16
DA:638,16
DA:639,16
DA:641,8
DA:644,5
DA:646,0
DA:647,8
DA:648,9
DA:649,3
DA:650,4
DA:651,3
DA:652,9
DA:653,3
DA:654,10
DA:655,3
DA:656,11
DA:657,4
DA:658,11
DA:659,4
DA:660,13
DA:662,3
DA:663,13
DA:664,4
DA:669,3
DA:670,0
DA:671,3
DA:672,0
DA:673,0
DA:674,0
DA:676,4
DA:677,0
DA:679,4
DA:681,0
DA:682,2
DA:683,1
DA:684,1
DA:685,0
DA:686,0
DA:687,0
DA:688,0
DA:690,0
DA:693,1
DA:694,2
DA:695,0
DA:696,0
DA:697,0
DA:698,0
DA:699,0
DA:700,0
DA:701,0
DA:704,4
DA:708,12
DA:710,15
DA:711,27
DA:712,0
DA:713,0
DA:714,0
DA:716,0
DA:717,0
DA:720,0
DA:721,0
DA:723,27
DA:724,8
DA:726,4
DA:727,4
DA:729,35
DA:730,36
DA:731,29
DA:732,29
DA:733,37
DA:734,37
DA:736,37
DA:737,6
DA:739,3
DA:741,35
DA:742,6
DA:744,3
DA:746,0
DA:747,33
DA:753,5
DA:754,7
DA:757,3
DA:758,3
DA:761,3
DA:762,1
DA:765,3
DA:766,3
DA:767,13
DA:769,4
DA:772,4
DA:773,17
DA:774,12
DA:775,12
DA:777,7
DA:780,3
DA:781,2
DA:784,0
DA:785,3
DA:786,0
DA:787,0
DA:790,2
DA:791,0
DA:792,2
DA:793,2
DA:794,9
DA:800,2
DA:801,2
DA:802,4
DA:803,4
DA:807,9
DA:808,4
DA:810,30
DA:812,4
LF:390
LH:286
end_of_record
TN:
SF:/home/joseph/Projects/rawk/src/interpreter/stmt.rs
FN:20,Interpreter<'a>::execute_block
FN:31,Interpreter<'a>::execute_stmt
FN:195,Interpreter<'a>::execute_print
FN:238,Interpreter<'a>::execute_printf
FN:279,Interpreter<'a>::get_or_open_file
FN:296,Interpreter<'a>::get_or_open_pipe
FN:311,Interpreter<'a>::format_printf
FNF:7
FNDA:31,Interpreter<'a>::execute_block
FNDA:31,Interpreter<'a>::execute_stmt
FNDA:24,Interpreter<'a>::execute_print
FNDA:6,Interpreter<'a>::execute_printf
FNDA:1,Interpreter<'a>::get_or_open_file
FNDA:1,Interpreter<'a>::get_or_open_pipe
FNDA:7,Interpreter<'a>::format_printf
DA:20,31
DA:21,88
DA:22,59
DA:23,5
DA:24,0
DA:25,4
DA:28,8
DA:31,31
DA:32,60
DA:33,0
DA:35,22
DA:36,30
DA:37,7
DA:40,24
DA:41,27
DA:42,9
DA:45,6
DA:46,5
DA:47,3
DA:50,5
DA:51,5
DA:52,9
DA:53,6
DA:54,11
DA:55,4
DA:57,4
DA:61,3
DA:62,3
DA:63,3
DA:64,6
DA:65,0
DA:67,3
DA:68,0
DA:69,0
DA:70,0
DA:73,3
DA:76,2
DA:77,2
DA:78,2
DA:79,0
DA:80,0
DA:81,0
DA:83,2
DA:84,4
DA:85,0
DA:88,2
DA:91,6
DA:93,12
DA:94,12
DA:97,0
DA:99,13
DA:100,8
DA:101,13
DA:102,0
DA:107,10
DA:108,0
DA:109,0
DA:110,0
DA:114,8
DA:115,4
DA:118,4
DA:121,3
DA:123,3
DA:124,3
DA:125,3
DA:126,9
DA:129,9
DA:130,6
DA:131,3
DA:132,0
DA:133,0
DA:134,0
DA:137,4
DA:140,4
DA:142,3
DA:144,3
DA:146,0
DA:147,3
DA:148,3
DA:151,0
DA:152,0
DA:153,0
DA:156,1
DA:157,3
DA:158,1
DA:159,1
DA:160,1
DA:161,1
DA:162,1
DA:165,4
DA:166,8
DA:167,13
DA:169,3
DA:170,3
DA:173,4
DA:174,4
DA:176,2
DA:178,2
DA:179,6
DA:181,2
DA:182,2
DA:184,3
DA:187,0
DA:189,0
DA:190,0
DA:195,24
DA:201,27
DA:202,86
DA:204,7
DA:206,14
DA:208,9
DA:210,15
DA:214,8
DA:215,0
DA:216,18
DA:218,1
DA:219,2
DA:220,1
DA:221,1
DA:223,1
DA:224,2
DA:225,1
DA:226,1
DA:228,1
DA:229,2
DA:230,1
DA:231,1
DA:235,7
DA:238,6
DA:245,5
DA:246,6
DA:247,22
DA:249,3
DA:251,17
DA:254,3
DA:255,0
DA:256,6
DA:258,1
DA:259,2
DA:260,1
DA:261,1
DA:263,0
DA:264,0
DA:265,0
DA:266,0
DA:268,0
DA:269,0
DA:270,0
DA:271,0
DA:275,3
DA:279,1
DA:280,2
DA:281,2
DA:282,2
DA:285,1
DA:286,1
DA:288,1
DA:290,2
DA:292,1
DA:296,1
DA:297,2
DA:298,2
DA:300,1
DA:301,1
DA:303,2
DA:305,1
DA:306,2
DA:308,1
DA:311,7
DA:312,10
DA:313,17
DA:314,7
DA:316,10
DA:317,7
DA:318,6
DA:319,0
DA:323,16
DA:324,1
DA:325,1
DA:326,0
DA:330,9
DA:331,7
DA:332,16
DA:335,17
DA:336,15
DA:337,3
DA:338,4
DA:340,0
DA:345,15
DA:346,17
DA:347,5
DA:348,4
DA:350,0
DA:355,12
DA:356,3
DA:357,3
DA:358,2
DA:359,3
DA:360,3
DA:362,0
DA:368,15
DA:369,9
DA:370,6
DA:372,12
DA:373,6
DA:374,6
DA:376,10
DA:377,0
DA:378,10
DA:379,8
DA:380,0
DA:382,6
DA:384,11
DA:385,2
DA:386,4
DA:388,2
DA:391,3
DA:394,0
DA:395,6
DA:396,3
DA:397,9
DA:398,3
DA:399,0
DA:400,0
DA:402,0
DA:405,6
DA:408,0
DA:409,6
DA:410,3
DA:411,2
DA:412,1
DA:413,0
DA:415,2
DA:418,4
DA:421,0
DA:422,0
DA:423,0
DA:424,0
DA:426,0
DA:427,0
DA:428,0
DA:430,0
DA:431,0
DA:433,0
DA:436,2
DA:437,2
DA:438,2
DA:439,0
DA:440,2
DA:441,3
DA:443,0
DA:446,6
DA:449,3
LF:253
LH:193
end_of_record
TN:
SF:/home/joseph/Projects/rawk/src/lexer/mod.rs
FN:17,Lexer<'a>::new
FN:28,Lexer<'a>::tokenize
FN:45,Lexer<'a>::next_token
FN:260,Lexer<'a>::peek_char
FN:264,Lexer<'a>::peek_char_is
FN:268,Lexer<'a>::peek_next_is_digit
FN:274,Lexer<'a>::advance
FN:287,Lexer<'a>::skip_whitespace_and_comments
FN:318,Lexer<'a>::scan_string
FN:384,Lexer<'a>::read_hex_digits
FN:398,Lexer<'a>::read_octal_digits
FN:412,Lexer<'a>::scan_regex
FN:443,Lexer<'a>::scan_number
FN:501,Lexer<'a>::scan_identifier
FNF:14
FNDA:65,Lexer<'a>::new
FNDA:65,Lexer<'a>::tokenize
FNDA:68,Lexer<'a>::next_token
FNDA:68,Lexer<'a>::peek_char
FNDA:8,Lexer<'a>::peek_char_is
FNDA:1,Lexer<'a>::peek_next_is_digit
FNDA:8,Lexer<'a>::advance
FNDA:68,Lexer<'a>::skip_whitespace_and_comments
FNDA:7,Lexer<'a>::scan_string
FNDA:3,Lexer<'a>::read_hex_digits
FNDA:3,Lexer<'a>::read_octal_digits
FNDA:5,Lexer<'a>::scan_regex
FNDA:3,Lexer<'a>::scan_number
FNDA:62,Lexer<'a>::scan_identifier
DA:17,65
DA:20,33
DA:28,65
DA:30,33
DA:31,65
DA:33,12
DA:34,74
DA:35,12
DA:36,12
DA:37,12
DA:38,0
DA:41,7
DA:45,68
DA:46,62
DA:48,73
DA:50,73
DA:51,7
DA:54,73
DA:56,0
DA:57,2
DA:58,2
DA:62,8
DA:65,0
DA:66,12
DA:67,3
DA:68,3
DA:69,1
DA:70,1
DA:72,3
DA:75,7
DA:80,127
DA:81,3
DA:84,147
DA:87,0
DA:88,3
DA:89,3
DA:90,3
DA:91,5
DA:92,3
DA:93,3
DA:94,3
DA:96,3
DA:99,0
DA:100,4
DA:101,4
DA:102,2
DA:103,2
DA:104,3
DA:105,3
DA:106,3
DA:108,3
DA:111,0
DA:112,3
DA:113,3
DA:114,3
DA:115,3
DA:117,4
DA:120,0
DA:121,3
DA:122,3
DA:123,1
DA:124,1
DA:126,3
DA:129,0
DA:130,3
DA:131,3
DA:132,1
DA:133,1
DA:135,3
DA:138,0
DA:139,5
DA:140,5
DA:141,8
DA:142,8
DA:144,4
DA:147,0
DA:148,3
DA:149,3
DA:150,2
DA:151,2
DA:152,3
DA:153,2
DA:154,2
DA:156,3
DA:159,0
DA:160,23
DA:161,23
DA:162,3
DA:163,4
DA:165,23
DA:168,0
DA:169,2
DA:170,2
DA:171,2
DA:172,2
DA:173,2
DA:174,2
DA:175,2
DA:177,3
DA:180,0
DA:181,3
DA:182,3
DA:184,0
DA:185,2
DA:186,2
DA:187,2
DA:188,2
DA:190,1
DA:193,0
DA:194,2
DA:195,2
DA:196,2
DA:197,2
DA:199,2
DA:202,0
DA:203,3
DA:204,3
DA:206,0
DA:207,3
DA:208,3
DA:210,0
DA:211,3
DA:212,3
DA:214,0
DA:215,6
DA:216,6
DA:218,0
DA:219,3
DA:220,13
DA:222,0
DA:223,7
DA:224,7
DA:226,0
DA:227,3
DA:228,5
DA:230,0
DA:231,15
DA:232,15
DA:234,0
DA:235,12
DA:236,12
DA:238,0
DA:239,8
DA:240,19
DA:242,0
DA:243,4
DA:244,4
DA:247,0
DA:248,1
DA:249,1
DA:250,0
DA:251,0
DA:256,21
DA:257,12
DA:260,68
DA:261,62
DA:264,8
DA:265,39
DA:268,1
DA:269,1
DA:270,1
DA:271,3
DA:274,8
DA:275,8
DA:276,8
DA:277,20
DA:278,4
DA:279,2
DA:281,20
DA:284,0
DA:287,68
DA:288,0
DA:289,62
DA:290,0
DA:291,42
DA:293,0
DA:295,1
DA:296,1
DA:297,3
DA:298,1
DA:299,1
DA:301,0
DA:304,0
DA:306,2
DA:307,1
DA:308,0
DA:310,1
DA:313,0
DA:318,7
DA:319,7
DA:320,9
DA:322,18
DA:324,0
DA:325,36
DA:326,0
DA:327,0
DA:329,8
DA:330,6
DA:331,2
DA:332,2
DA:333,2
DA:334,2
DA:335,2
DA:336,2
DA:337,2
DA:338,2
DA:339,2
DA:340,0
DA:342,3
DA:343,3
DA:344,12
DA:345,6
DA:347,0
DA:348,0
DA:351,9
DA:353,3
DA:354,12
DA:355,6
DA:357,0
DA:358,0
DA:361,0
DA:363,0
DA:364,0
DA:366,0
DA:367,0
DA:371,0
DA:372,2
DA:374,51
DA:375,0
DA:376,1
DA:381,34
DA:384,3
DA:385,3
DA:386,6
DA:387,6
DA:388,3
DA:389,3
DA:390,3
DA:392,0
DA:395,3
DA:398,3
DA:399,3
DA:400,6
DA:401,6
DA:402,3
DA:403,3
DA:404,3
DA:406,0
DA:409,3
DA:412,5
DA:413,5
DA:414,5
DA:416,6
DA:418,0
DA:419,11
DA:420,0
DA:421,0
DA:423,1
DA:424,1
DA:425,2
DA:427,0
DA:430,0
DA:431,0
DA:433,12
DA:434,0
DA:435,1
DA:440,10
DA:443,3
DA:444,4
DA:445,14
DA:446,4
DA:449,10
DA:450,10
DA:451,14
DA:452,13
DA:454,0
DA:459,14
DA:460,3
DA:461,3
DA:463,6
DA:464,3
DA:465,3
DA:466,3
DA:468,0
DA:474,32
DA:475,1
DA:476,1
DA:478,3
DA:479,1
DA:480,1
DA:483,2
DA:484,1
DA:485,1
DA:486,1
DA:488,0
DA:493,13
DA:494,42
DA:496,18
DA:498,18
DA:501,62
DA:502,62
DA:503,186
DA:504,62
DA:506,68
DA:507,136
DA:508,68
DA:509,68
DA:511,0
DA:515,68
DA:518,154
DA:520,63
LF:311
LH:246
end_of_record
TN:
SF:/home/joseph/Projects/rawk/src/lexer/tokens.rs
FN:97,TokenKind::is_keyword
FN:123,TokenKind::can_start_expression
FN:142,TokenKind::produces_value
FN:164,Token::new
FN:173,keyword_to_token
FNF:5
FNDA:0,TokenKind::is_keyword
FNDA:22,TokenKind::can_start_expression
FNDA:9,TokenKind::produces_value
FNDA:7,Token::new
FNDA:68,keyword_to_token
DA:97,0
DA:98,0
DA:99,0
DA:123,22
DA:124,22
DA:125,8
DA:142,9
DA:143,9
DA:144,9
DA:164,7
DA:167,8
DA:173,68
DA:175,131
DA:176,8
DA:177,7
DA:178,6
DA:179,43
DA:180,72
DA:181,41
DA:182,74
DA:183,38
DA:184,64
DA:185,39
DA:186,71
DA:187,46
DA:188,70
DA:189,40
DA:190,71
DA:191,39
DA:192,72
DA:193,64
DA:194,44
DA:195,36
DA:196,54
LF:34
LH:31
end_of_record
TN:
SF:/home/joseph/Projects/rawk/src/main.rs
FN:8,main
FN:20,run
FN:160,print_help
FNF:3
FNDA:0,main
FNDA:0,run
FNDA:0,print_help
DA:8,0
DA:9,0
DA:11,0
DA:12,0
DA:13,0
DA:14,0
DA:15,0
DA:20,0
DA:21,0
DA:22,0
DA:23,0
DA:24,0
DA:25,0
DA:26,0
DA:28,0
DA:29,0
DA:30,0
DA:32,0
DA:33,0
DA:34,0
DA:37,0
DA:38,0
DA:39,0
DA:42,0
DA:43,0
DA:44,0
DA:45,0
DA:49,0
DA:50,0
DA:51,0
DA:52,0
DA:56,0
DA:57,0
DA:58,0
DA:59,0
DA:61,0
DA:62,0
DA:63,0
DA:64,0
DA:65,0
DA:66,0
DA:67,0
DA:69,0
DA:70,0
DA:71,0
DA:73,0
DA:75,0
DA:76,0
DA:77,0
DA:78,0
DA:80,0
DA:81,0
DA:82,0
DA:84,0
DA:85,0
DA:87,0
DA:88,0
DA:89,0
DA:91,0
DA:94,0
DA:97,0
DA:100,0
DA:103,0
DA:104,0
DA:105,0
DA:106,0
DA:109,0
DA:112,0
DA:113,0
DA:116,0
DA:119,0
DA:120,0
DA:121,0
DA:124,0
DA:125,0
DA:129,0
DA:130,0
DA:133,0
DA:135,0
DA:136,0
DA:137,0
DA:138,0
DA:141,0
DA:142,0
DA:143,0
DA:144,0
DA:145,0
DA:146,0
DA:147,0
DA:149,0
DA:150,0
DA:151,0
DA:154,0
DA:157,0
DA:160,0
DA:161,0
LF:96
LH:0
end_of_record
TN:
SF:/home/joseph/Projects/rawk/src/parser/mod.rs
FN:12,Parser::new
FN:17,Parser::parse
FN:36,Parser::parse_function
FN:64,Parser::parse_rule
FN:141,Parser::parse_pattern
FN:177,Parser::parse_block
FN:195,Parser::parse_statement
FN:310,Parser::parse_if_statement
FN:335,Parser::parse_while_statement
FN:350,Parser::parse_for_statement
FN:411,Parser::parse_do_while_statement
FN:427,Parser::parse_print_statement
FN:448,Parser::parse_printf_statement
FN:466,Parser::parse_print_arg
FN:472,Parser::parse_print_ternary
FN:491,Parser::parse_print_or
FN:508,Parser::parse_print_and
FN:525,Parser::parse_print_in
FN:541,Parser::parse_print_match
FN:568,Parser::parse_print_comparison
FN:602,Parser::parse_output_redirect
FN:618,Parser::parse_expression
FN:622,Parser::parse_assignment
FN:658,Parser::parse_ternary
FN:677,Parser::parse_or
FN:694,Parser::parse_and
FN:711,Parser::parse_in
FN:730,Parser::parse_pipe_getline
FN:766,Parser::parse_match
FN:793,Parser::parse_comparison
FN:826,Parser::parse_concat
FN:845,Parser::can_start_concat_operand
FN:863,Parser::parse_additive
FN:888,Parser::parse_multiplicative
FN:915,Parser::parse_power
FN:933,Parser::parse_unary
FN:976,Parser::parse_postfix
FN:1010,Parser::parse_field
FN:1020,Parser::parse_primary
FN:1108,Parser::peek_kind
FN:1112,Parser::current_location
FN:1119,Parser::is_at_end
FN:1123,Parser::check
FN:1127,Parser::advance
FN:1134,Parser::match_token
FN:1143,Parser::expect
FN:1156,Parser::expect_identifier
FN:1171,Parser::skip_newlines
FN:1175,Parser::skip_terminators
FN:1179,Parser::can_start_expression
FNF:50
FNDA:18,Parser::new
FNDA:12,Parser::parse
FNDA:3,Parser::parse_function
FNDA:39,Parser::parse_rule
FNDA:6,Parser::parse_pattern
FNDA:21,Parser::parse_block
FNDA:34,Parser::parse_statement
FNDA:5,Parser::parse_if_statement
FNDA:3,Parser::parse_while_statement
FNDA:6,Parser::parse_for_statement
FNDA:2,Parser::parse_do_while_statement
FNDA:8,Parser::parse_print_statement
FNDA:3,Parser::parse_printf_statement
FNDA:20,Parser::parse_print_arg
FNDA:20,Parser::parse_print_ternary
FNDA:21,Parser::parse_print_or
FNDA:21,Parser::parse_print_and
FNDA:21,Parser::parse_print_in
FNDA:21,Parser::parse_print_match
FNDA:21,Parser::parse_print_comparison
FNDA:12,Parser::parse_output_redirect
FNDA:4,Parser::parse_expression
FNDA:4,Parser::parse_assignment
FNDA:4,Parser::parse_ternary
FNDA:4,Parser::parse_or
FNDA:5,Parser::parse_and
FNDA:5,Parser::parse_in
FNDA:15,Parser::parse_pipe_getline
FNDA:15,Parser::parse_match
FNDA:16,Parser::parse_comparison
FNDA:16,Parser::parse_concat
FNDA:22,Parser::can_start_concat_operand
FNDA:17,Parser::parse_additive
FNDA:19,Parser::parse_multiplicative
FNDA:20,Parser::parse_power
FNDA:20,Parser::parse_unary
FNDA:25,Parser::parse_postfix
FNDA:25,Parser::parse_field
FNDA:41,Parser::parse_primary
FNDA:29,Parser::peek_kind
FNDA:39,Parser::current_location
FNDA:29,Parser::is_at_end
FNDA:29,Parser::check
FNDA:10,Parser::advance
FNDA:29,Parser::match_token
FNDA:12,Parser::expect
FNDA:4,Parser::expect_identifier
FNDA:27,Parser::skip_newlines
FNDA:16,Parser::skip_terminators
FNDA:22,Parser::can_start_expression
DA:12,18
DA:17,12
DA:18,34
DA:20,68
DA:22,39
DA:24,68
DA:25,6
DA:27,38
DA:29,20
DA:32,11
DA:36,3
DA:37,3
DA:38,3
DA:40,3
DA:41,6
DA:43,3
DA:44,6
DA:45,6
DA:46,3
DA:47,2
DA:50,6
DA:51,3
DA:53,3
DA:55,3
DA:56,3
DA:57,3
DA:64,39
DA:65,29
DA:68,36
DA:69,34
DA:70,42
DA:71,20
DA:72,13
DA:73,10
DA:79,5
DA:80,3
DA:81,4
DA:82,4
DA:83,4
DA:84,4
DA:90,10
DA:91,1
DA:92,1
DA:93,1
DA:94,1
DA:95,1
DA:101,7
DA:102,1
DA:103,1
DA:104,1
DA:105,1
DA:106,1
DA:113,10
DA:114,4
DA:115,4
DA:116,4
DA:123,6
DA:124,5
DA:127,8
DA:128,8
DA:130,0
DA:133,4
DA:134,3
DA:135,3
DA:141,6
DA:143,12
DA:144,6
DA:145,6
DA:148,5
DA:149,3
DA:150,3
DA:151,3
DA:152,6
DA:153,3
DA:157,6
DA:161,4
DA:164,8
DA:165,0
DA:166,0
DA:167,0
DA:168,0
DA:169,0
DA:173,4
DA:177,21
DA:178,12
DA:179,21
DA:180,34
DA:182,38
DA:184,106
DA:185,38
DA:186,7
DA:189,6
DA:191,3
DA:195,34
DA:196,38
DA:198,34
DA:201,38
DA:202,0
DA:203,0
DA:207,34
DA:208,4
DA:212,38
DA:213,5
DA:217,34
DA:218,3
DA:222,36
DA:223,6
DA:227,31
DA:228,2
DA:232,32
DA:233,3
DA:237,33
DA:238,3
DA:242,32
DA:243,3
DA:247,32
DA:248,0
DA:252,32
DA:253,2
DA:254,0
DA:256,1
DA:258,1
DA:262,32
DA:263,9
DA:264,5
DA:266,1
DA:268,4
DA:272,32
DA:273,4
DA:276,10
DA:277,4
DA:278,4
DA:279,0
DA:281,4
DA:282,2
DA:285,4
DA:288,3
DA:289,3
DA:290,3
DA:296,32
DA:297,21
DA:301,25
DA:302,9
DA:306,24
DA:307,4
DA:310,5
DA:311,5
DA:312,5
DA:313,10
DA:314,5
DA:316,5
DA:319,4
DA:320,12
DA:321,3
DA:322,3
DA:324,4
DA:327,7
DA:328,4
DA:329,5
DA:330,5
DA:335,3
DA:336,3
DA:337,3
DA:338,6
DA:339,3
DA:341,3
DA:343,3
DA:344,3
DA:350,6
DA:351,6
DA:354,18
DA:355,6
DA:356,6
DA:357,6
DA:359,6
DA:360,3
DA:361,6
DA:362,3
DA:363,3
DA:365,3
DA:366,3
DA:367,3
DA:374,6
DA:378,7
DA:379,6
DA:381,1
DA:383,14
DA:385,9
DA:386,14
DA:388,1
DA:390,14
DA:392,7
DA:393,14
DA:395,1
DA:397,14
DA:398,9
DA:400,6
DA:402,7
DA:403,5
DA:404,7
DA:405,7
DA:411,2
DA:412,2
DA:413,2
DA:414,2
DA:415,2
DA:416,2
DA:417,2
DA:418,4
DA:420,2
DA:421,2
DA:422,2
DA:427,8
DA:428,22
DA:431,37
DA:432,6
DA:433,21
DA:434,5
DA:439,19
DA:441,15
DA:442,11
DA:448,3
DA:449,9
DA:450,11
DA:452,9
DA:453,11
DA:456,11
DA:458,5
DA:459,5
DA:460,6
DA:466,20
DA:469,5
DA:472,20
DA:473,5
DA:475,31
DA:476,4
DA:477,2
DA:478,4
DA:479,2
DA:480,2
DA:481,4
DA:482,4
DA:483,2
DA:488,9
DA:491,21
DA:492,7
DA:494,30
DA:495,0
DA:496,0
DA:497,0
DA:498,0
DA:500,0
DA:505,16
DA:508,21
DA:509,7
DA:511,30
DA:512,0
DA:513,0
DA:514,0
DA:515,0
DA:517,0
DA:522,14
DA:525,21
DA:526,7
DA:528,30
DA:529,0
DA:530,0
DA:531,0
DA:532,0
DA:533,0
DA:538,16
DA:541,21
DA:542,7
DA:544,30
DA:545,16
DA:546,0
DA:547,0
DA:548,0
DA:549,0
DA:555,30
DA:556,0
DA:557,0
DA:558,0
DA:559,0
DA:565,14
DA:568,21
DA:569,7
DA:573,2
DA:574,23
DA:575,13
DA:576,1
DA:577,24
DA:578,0
DA:579,27
DA:580,1
DA:581,25
DA:582,1
DA:583,24
DA:584,0
DA:590,1
DA:591,2
DA:592,2
DA:593,1
DA:594,2
DA:599,12
DA:602,12
DA:603,5
DA:604,1
DA:605,1
DA:606,15
DA:607,1
DA:608,1
DA:609,16
DA:610,1
DA:611,1
DA:613,14
DA:618,4
DA:619,8
DA:622,4
DA:623,8
DA:626,74
DA:627,33
DA:628,24
DA:629,47
DA:630,3
DA:631,46
DA:632,3
DA:633,76
DA:634,3
DA:635,75
DA:636,0
DA:637,75
DA:638,0
DA:639,104
DA:640,0
DA:642,48
DA:645,24
DA:646,13
DA:647,7
DA:648,31
DA:650,24
DA:655,48
DA:658,4
DA:659,8
DA:661,75
DA:662,10
DA:663,5
DA:664,10
DA:665,5
DA:666,5
DA:667,10
DA:668,10
DA:669,5
DA:674,47
DA:677,4
DA:678,8
DA:680,77
DA:681,4
DA:682,2
DA:683,2
DA:684,4
DA:686,2
DA:691,28
DA:694,5
DA:695,8
DA:697,78
DA:698,4
DA:699,2
DA:700,2
DA:701,4
DA:703,2
DA:708,47
DA:711,5
DA:712,8
DA:716,74
DA:717,4
DA:718,2
DA:719,2
DA:720,4
DA:721,2
DA:726,28
DA:730,15
DA:731,11
DA:734,74
DA:736,2
DA:737,2
DA:739,2
DA:740,5
DA:741,3
DA:744,4
DA:745,2
DA:746,2
DA:747,2
DA:749,1
DA:752,3
DA:753,1
DA:754,3
DA:759,0
DA:763,46
DA:766,15
DA:767,25
DA:769,70
DA:770,44
DA:771,3
DA:772,1
DA:773,2
DA:774,1
DA:780,72
DA:781,2
DA:782,1
DA:783,2
DA:784,1
DA:790,28
DA:793,16
DA:794,25
DA:796,4
DA:797,76
DA:798,51
DA:799,3
DA:800,82
DA:801,6
DA:802,78
DA:803,3
DA:804,73
DA:805,1
DA:806,75
DA:807,3
DA:808,70
DA:809,1
DA:814,3
DA:815,4
DA:816,7
DA:817,4
DA:818,4
DA:823,26
DA:826,16
DA:827,25
DA:831,117
DA:832,4
DA:833,4
DA:834,2
DA:835,2
DA:837,2
DA:842,28
DA:845,22
DA:846,66
DA:847,87
DA:848,22
DA:859,0
DA:863,17
DA:864,25
DA:866,3
DA:867,89
DA:868,73
DA:869,3
DA:870,87
DA:871,3
DA:876,3
DA:877,3
DA:878,6
DA:879,3
DA:880,3
DA:885,22
DA:888,19
DA:889,28
DA:891,3
DA:892,88
DA:893,69
DA:894,3
DA:895,94
DA:896,2
DA:897,89
DA:898,2
DA:903,3
DA:904,3
DA:905,6
DA:906,3
DA:907,3
DA:912,23
DA:915,20
DA:916,28
DA:919,73
DA:920,4
DA:921,2
DA:922,2
DA:923,4
DA:925,2
DA:930,20
DA:933,20
DA:934,28
DA:936,22
DA:937,2
DA:938,2
DA:940,2
DA:945,28
DA:946,3
DA:947,3
DA:949,3
DA:954,22
DA:955,2
DA:956,2
DA:958,2
DA:963,28
DA:964,3
DA:965,6
DA:968,25
DA:969,1
DA:970,2
DA:973,38
DA:976,25
DA:977,38
DA:980,34
DA:982,16
DA:983,7
DA:984,62
DA:985,2
DA:986,80
DA:988,17
DA:989,17
DA:990,17
DA:991,2
DA:993,16
DA:994,14
DA:995,13
DA:996,3
DA:1000,0
DA:1007,44
DA:1010,25
DA:1011,39
DA:1012,3
DA:1013,3
DA:1014,8
DA:1017,44
DA:1020,41
DA:1021,44
DA:1024,53
DA:1025,6
DA:1026,11
DA:1027,6
DA:1031,88
DA:1032,8
DA:1033,8
DA:1034,8
DA:1038,74
DA:1039,2
DA:1040,2
DA:1041,2
DA:1045,103
DA:1046,38
DA:1047,31
DA:1050,39
DA:1051,13
DA:1052,27
DA:1053,28
DA:1054,15
DA:1055,9
DA:1058,24
DA:1059,18
DA:1060,16
DA:1061,19
DA:1066,20
DA:1070,3
DA:1071,2
DA:1072,1
DA:1073,1
DA:1074,1
DA:1076,0
DA:1079,3
DA:1080,0
DA:1082,1
DA:1085,1
DA:1086,1
DA:1087,1
DA:1093,3
DA:1094,3
DA:1095,6
DA:1096,3
DA:1099,0
DA:1100,0
DA:1108,29
DA:1109,106
DA:1112,39
DA:1113,29
DA:1114,39
DA:1115,103
DA:1116,39
DA:1119,29
DA:1120,39
DA:1123,29
DA:1124,106
DA:1127,10
DA:1128,36
DA:1129,36
DA:1131,37
DA:1134,29
DA:1135,76
DA:1136,5
DA:1137,5
DA:1139,29
DA:1143,12
DA:1144,22
DA:1145,38
DA:1147,0
DA:1148,0
DA:1149,0
DA:1156,4
DA:1157,4
DA:1158,4
DA:1159,4
DA:1160,5
DA:1162,0
DA:1163,0
DA:1164,0
DA:1171,27
DA:1172,39
DA:1175,16
DA:1176,3
DA:1179,22
DA:1180,38
LF:619
LH:567
end_of_record
TN:
SF:/home/joseph/Projects/rawk/src/value.rs
FN:51,<impl Default for Value>::default
FN:59,Value::from_string
FN:69,Value::from_number
FN:79,Value::is_truthy
FN:90,Value::to_number
FN:101,Value::to_string_val
FN:107,Value::as_str
FN:117,Value::to_string_with_format
FN:128,Value::is_numeric
FN:134,Value::is_numeric_string
FN:140,Value::compares_as_number
FN:146,<impl Display for Value>::fmt
FN:158,compare_values
FN:175,parse_leading_number
FN:246,parse_numeric_string
FN:290,format_number
FN:323,itoa_fast
FNF:17
FNDA:0,<impl Default for Value>::default
FNDA:13,Value::from_string
FNDA:0,Value::from_number
FNDA:6,Value::is_truthy
FNDA:6,Value::to_number
FNDA:14,Value::to_string_val
FNDA:2,Value::as_str
FNDA:6,Value::to_string_with_format
FNDA:0,Value::is_numeric
FNDA:1,Value::is_numeric_string
FNDA:8,Value::compares_as_number
FNDA:0,<impl Display for Value>::fmt
FNDA:8,compare_values
FNDA:1,parse_leading_number
FNDA:19,parse_numeric_string
FNDA:11,format_number
FNDA:19,itoa_fast
DA:51,0
DA:52,0
DA:59,13
DA:60,38
DA:61,5
DA:63,35
DA:69,0
DA:70,0
DA:79,6
DA:80,11
DA:81,1
DA:82,13
DA:83,1
DA:84,0
DA:90,6
DA:91,6
DA:92,4
DA:93,6
DA:94,1
DA:95,5
DA:101,14
DA:102,14
DA:107,2
DA:108,2
DA:109,0
DA:110,0
DA:111,2
DA:112,0
DA:117,6
DA:118,9
DA:119,2
DA:120,11
DA:121,12
DA:122,3
DA:128,0
DA:129,0
DA:134,1
DA:135,1
DA:140,8
DA:141,19
DA:146,0
DA:147,0
DA:148,0
DA:149,0
DA:150,0
DA:151,0
DA:158,8
DA:160,19
DA:161,13
DA:162,8
DA:163,14
DA:166,2
DA:175,1
DA:176,2
DA:177,2
DA:180,5
DA:181,2
DA:184,2
DA:185,0
DA:188,2
DA:191,7
DA:192,2
DA:195,2
DA:198,7
DA:199,2
DA:200,1
DA:204,2
DA:205,1
DA:206,3
DA:207,1
DA:208,1
DA:213,4
DA:214,1
DA:215,2
DA:216,3
DA:217,0
DA:219,1
DA:220,2
DA:221,1
DA:225,0
DA:229,2
DA:230,1
DA:234,1
DA:235,3
DA:236,1
DA:237,1
DA:241,1
DA:246,19
DA:247,18
DA:248,26
DA:249,3
DA:253,71
DA:254,5
DA:258,58
DA:259,2
DA:261,30
DA:265,29
DA:266,31
DA:267,66
DA:268,16
DA:269,54
DA:270,2
DA:271,10
DA:272,0
DA:274,0
DA:275,0
DA:276,0
DA:277,0
DA:281,1
DA:282,22
DA:286,1
DA:290,11
DA:291,11
DA:292,0
DA:294,10
DA:295,0
DA:299,10
DA:301,39
DA:302,20
DA:305,1
DA:307,2
DA:308,2
DA:309,1
DA:310,0
DA:312,2
DA:314,0
DA:318,0
DA:323,19
DA:324,20
DA:325,3
DA:328,18
DA:329,19
DA:330,18
DA:331,23
DA:332,3
DA:335,39
DA:336,39
DA:337,9
DA:340,19
DA:341,3
DA:344,41
LF:141
LH:112
end_of_record
